/Users/minerva/Library/Python/3.9/lib/python/site-packages/urllib3/__init__.py:35: NotOpenSSLWarning: urllib3 v2 only supports OpenSSL 1.1.1+, currently the 'ssl' module is compiled with 'LibreSSL 2.8.3'. See: https://github.com/urllib3/urllib3/issues/3020
  warnings.warn(
============================================================
  트레이딩 팀 킥오프 미팅
============================================================

[GROUNDRULE.md] 로드 완료
  → 264줄 로드됨


[팀장] 오프닝 발언 중...

────────────────────────────────────────
[팀장]
# 팀 킥오프 미팅 — 팀장 오프닝

---

## 1. 이 전략의 핵심 철학

**"돈이 흐르는 곳에서, 추세를 타고, 손실은 작게 끊는다."**

우리 전략은 세 가지 믿음 위에 서 있습니다.

첫째, **섹터가 먼저다.** 아무리 좋은 종목도 섹터가 죽어 있으면 뜨지 않습니다. 우리는 시장의 돈이 어디로 몰리는지를 먼저 확인하고, 그 안에서만 거래합니다. 섹터 선정이 틀리면 나머지는 의미가 없습니다.

둘째, **추세가 확인된 종목만 진입한다.** 우리는 예측하지 않습니다. 이동평균 정배열, 20일선 위 종가, 60일 우상향 — 이 세 가지가 모두 확인된 종목만 다룹니다. swing_high 돌파는 "시장이 먼저 증명한 방향"에 올라타는 행위입니다.

셋째, **손절은 전략이지 실패가 아니다.** 손절가에 도달하면 생각 없이 팝니다. 손절을 망설이는 순간 우리 시스템 전체가 무너집니다. 작은 손실 여러 번이 큰 수익 한 번으로 상쇄되는 구조를 믿어야 합니다.

---

## 2. 각 단계별 팀 전체 필수 원칙

| 단계 | 원칙 |
|------|------|
| **08:00 섹터 선정** | 전 섹터 수익률 음수면 그날은 신규 매수 없음 — 예외 없음. 1·2위 차이 1%p 미만이면 반드시 warning 발령, 팀장이 보수적 판단 |
| **08:30 익절 대상 선정** | 전날 종가 기준으로 판단. 장중 이탈은 무시 — 기준을 흔들지 말 것 |
| **09:00 익절 매도** | 시장가 매도 완료 즉시 슬랙에 **현금 잔액 명시** — 이게 빠지면 15:00 포지션 계산 기준이 무너짐 |
| **09:05~ 손절 모니터링** | 60초 간격 유지. 손절 발생 시 리스크 매니저가 감지·트리거 → 포트폴리오 매니저가 실행·보고. 역할 섞지 말 것. 매도 실패 시 즉시 팀장 에스컬레이션 |
| **15:00 진입 판단** | swing_high 기준은 "최근 20일 내, 이후 2거래일 이상 연속 하락이 확인된 가장 최근 고점봉의 고가" — 자의적으로 해석하지 말 것. 포지션 계산은 가장 최근 슬랙 보고 현금 기준 |
| **동시 돌파** | 리스크 비율 낮은 순 → 거래량 → 

────────────────────────────────────────

[라운드 1] GROUNDRULE.md 기반 역할 확인 및 불일치 점검
  [섹터 스카우트] GROUNDRULE.md 검토 중...

[섹터 스카우트]
# 섹터 스카우트 — GROUNDRULE.md 역할 정리

---

## 1. 내가 담당하는 항목과 기준

### 실행 시점
- **매일 08:00 `pre_close` 단계의 첫 번째 작업**
- 섹터 선정이 완료되어야 이후 단계(후보 종목 선정, 차트 분석 등)가 진행됨

### 담당 작업
| 항목 | 기준 |
|------|------|
| **데이터 소스** | KIS API `inquire-daily-indexchartprice` (TR: `FHKUP03500100`) |
| **측정 지표** | 업종지수 1개월 수익률 (영업일 기준 20일) |
| **선정 방식** | 수익률 최상위 섹터 **1개** 선정 |
| **대상 섹터** | 반도체(1013), 2차전지(1008), 바이오(1009), 자동차(1015), 금융(1021) |

### 판단 결과 3종
| 상황 | 출력 | 후속 팀 행동 |
|------|------|------------|
| 정상 | `confident=True` | 정상 진행 |
| 전 섹터 음수 | `confident=False` | 신규 매수 없음, 보유 종목 관리만 |
| 1위·2위 차이 1%p 미만 | `confident=True` + `warning` | 매수 가능, 팀장 보수적 판단 |

---

## 2. 판단 지침(.md)과 GROUNDRULE.md 간 불일치·모호한 부분

### ⚠️ 불일치 1 — 섹터 커버리지
- **GROUNDRULE.md**: 반도체·2차전지·바이오·자동차·금융 **5개 섹터**만 명시
- **내 판단 지침(SECTOR_SCOUT.md)**: 글로벌 트렌드(반도체 사이클, 금리 변화 등) 언급하나, 섹터 목록이 명시적으로 나열되어 있지 않음
- **→ 결론**: GROUNDRULE.md의 5개 섹터를 기준으로 삼아야 함. 판단 지침에 섹터 목록이 빠져 있어 혼선 가능성 있음

### ⚠️ 불일치 2 — "완만한 상승 vs 급등" 판단 기준 미정의
- **내 판단 지침**: "수익률이 꾸준히 상승 중 (최근 급등이 아닌 완만한 상승)" 을 강세 신호로 제시
- **GROUNDRULE.md**: 이 구분에 대한 수치 기준 없음
- **→ 모호함**: "급등"의 정량 기준(예: 1주일에 X% 이상)이 없어 주관적 판단에 의존하게 됨

### ⚠️ 불일치 3 — 보류 시 `confident` 플래그 처리 주체
- **내 판단 지침**: 보류 판단 및 경고문 생성을 섹터 스카우트가 담당한다고 암시
- **GROUNDRULE.md**: `confident=False/True` 반환이 오케스트레이터(`orchestrator.py`)로 
  [차트 분석가] GROUNDRULE.md 검토 중...

[차트 분석가]
# 차트 분석가 — GROUNDRULE.md 검토 보고

---

## 1. 내 담당 항목과 기준

### 담당 단계
| 단계 | 시간 | 내 역할 |
|------|------|---------|
| pre_close (08:00) | 장시작 전 | 섹터 내 종목 3조건 필터링 → 투자 고려 대상 선정 |
| entry_monitor (15:00~15:30) | 장마감 전 | swing_high 돌파 실시간 감시 |

### 핵심 판단 기준 3가지
| 조건 | 기준 |
|------|------|
| 이동평균선 정배열 | 5일선 > 20일선 > 60일선 |
| 전날 종가 > 20일선 | 캔들 마감 기준 |
| 60일 우상향 추세 | 고점·저점이 지속적으로 상승 |

### swing_high 산출 (내 핵심 출력값)
> "최근 20일 내, 이후 **2거래일 이상 연속 하락**이 확인된 **가장 최근 고점봉의 고가**"
- 복수 후보 → 가장 최근 것 사용
- 해당 봉 없음 → 최근 20일 최고가로 fallback

### 출력 데이터 → `data/candidates.json`
- 투자 고려 대상 종목 + swing_high 수치
- 이 숫자가 리스크 매니저(포지션 계산)와 포트폴리오 매니저(실행 기준)의 입력값이 됨

---

## 2. 판단 지침(.md)과 GROUNDRULE.md 간 불일치·모호한 부분

### ① 손절가 표현 방식 — 미세한 차이
- **내 지침**: "매수 시점의 20일 이동평균선 가격"
- **GROUNDRULE.md**: 동일하나 "**매수 시 1회 확정, 이후 불변**" 명시
- **지적**: 내 지침에는 "1회 확정 후 불변" 문구가 없음. 내가 entry_monitor에서 swing_high 돌파를 감지할 때 20일선 값을 함께 전달해야 하는데, 이후 20일선이 올라가도 손절가를 갱신하지 않는다는 원칙을 내 지침에 명시해야 함.

### ② 익절 대상 선정 주체가 불명확
- **GROUNDRULE.md**: pre_close 단계에서 "익절 대상 선정 — 현재가 < 20일선인 보유 종목" 수행
- **내 지침**: 이동평균선 위치 판단을 내가 하므로 익절 대상 선정도 내 역할처럼 읽힘
- **그러나** GROUNDRULE.md 에이전트 역할표에서 익절 대상 선정 주체가 차트 분석가인지 팀장인지 명시 안 됨
- **제안**: "20일선 대비 종가 위치 판단 = 차트 분석가", "익절 실행 = 포트폴리오 매니저"로 역할 분리를 명시할 것

### ③ entry_monitor에서 내 역
  [리스크 매니저] GROUNDRULE.md 검토 중...

[리스크 매니저]
# 리스크 매니저 — GROUNDRULE.md 검토 보고

---

## 1. 내 담당 항목 및 기준

### 핵심 임무
| 구분 | 내용 |
|------|------|
| **포지션 크기 계산·확정** | `entry_monitor` (15:00~15:30) 중 돌파 감지 시 즉시 계산, 결과를 팀장에게 전달 |
| **손절 감지·트리거** | `stop_loss_monitor` (09:05~15:30, 60초 간격) — 현재가 ≤ 손절가 도달 시 포트폴리오 매니저에게 매도 지시 |
| **손절가 확정** | 매수 시점 20일 이동평균선 가격으로 1회 확정, 이후 절대 변경 없음 |

### 포지션 계산 공식
```
허용 손실액   = 가용 현금 × 2%
리스크 per 주 = 진입가 - 손절가
매수 수량     = 허용 손실액 ÷ 리스크 per 주
최대 수량     = 가용 현금 × 20% ÷ 진입가
최종 수량     = min(매수 수량, 최대 수량)
```

### 가용 현금 기준
- **가장 최근 슬랙 보고에 명시된 현금 잔액** 사용
- 09:00 익절 매도 완료 슬랙 → 기본 기준
- 이후 손절 발생 시 → 손절 완료 슬랙 기준으로 즉시 갱신

### 판단 결론 3종
| 결론 | 조건 |
|------|------|
| **리스크 적정** | 리스크 비율 3~7%, 투자금 10~20%, 수량 ≥ 1주 |
| **리스크 과대 — 소량 진입 권장** | 경계선이지만 진입 가능한 경우 |
| **진입 불가** | 수량 = 0, 현금 부족, 슬롯 5개 초과 |

---

## 2. 판단 지침(.md)과 GROUNDRULE.md 간 불일치·모호한 부분

### ① 손절 트리거 주체 표현 — 모호함
- **GROUNDRULE**: "리스크 매니저(감지·트리거) → 포트폴리오 매니저(시장가 매도 실행)"
- **내 .md**: "손절 모니터링은 `stop_loss_monitor`가 60초 간격으로 자동 실행"
- **문제**: `stop_loss_monitor`는 스크립트 이름이고, 내부에서 리스크 매니저와 포트폴리오 매니저가 역할을 나눠야 하는데 .md에는 그 협업 흐름이 명시되지 않음
- **실무 기준**: GROUNDRULE §7 "역할 분리" 항목을 따름 — 내가 감지·트리거, 포트폴리오 매니저가 실행

### ② 가용 현금 기준 표현 — 경미한 불일치
- **내 .md**: "09:00 매도 완료 후 슬랙 보고에 명시된 현금 잔액"으로 
  [포트폴리오 매니저] GROUNDRULE.md 검토 중...

[포트폴리오 매니저]
# 포트폴리오 매니저 — GROUNDRULE.md 역할 정리

---

## 1. 내가 담당하는 항목과 기준

### 📋 핵심 임무 (GROUNDRULE §8)
| 단계 | 내 역할 | 트리거 |
|------|---------|--------|
| **매수 실행** | 리스크 매니저가 확정한 수량을 그대로 집행 | 팀장 승인 후 즉시 |
| **익절 매도** | 09:00 시장가 매도 실행 | pre_close에서 익절 대상 선정된 종목 |
| **손절 매도** | 리스크 매니저 트리거 → 즉시 시장가 매도 | 현재가 ≤ 손절가 도달 |
| **슬랙 보고** | 매도 완료 + **현금 잔액** 명시 | 매수/매도 실행 직후 (의무) |

### 💰 자금 배분 기준 (GROUNDRULE §5)
```
단일 종목 최대: 가용 현금의 20%
전체 투자 목표: 총 자산의 80~90% (5개 종목 꽉 찼을 때)
현금 최소 보유: 10~20%
```

### 🔄 운영 사이클 내 내 위치
- **08:00** → pre_close 결과 수신 (익절 대상 파악)
- **09:00** → 익절 매도 실행 + 현금 잔액 슬랙 보고
- **09:05~15:30** → 손절 트리거 수신 시 즉시 매도 실행 + 현금 잔액 슬랙 보고
- **15:00~15:30** → 팀장 승인 확인 → 매수 실행

### 📊 보유 종목 관리 기준
| 상태 | 판단 기준 | 액션 |
|------|----------|------|
| 수익 중 | 20일선 위 마감 | 보유 유지 |
| 손익분기 근처 | 20일선 추이 모니터링 | 손절가 재확인 |
| 손절가 도달 | 현재가 ≤ 손절가 | 즉시 시장가 매도 (예외 없음) |
| 20일선 아래 마감 | 종가 기준 | 익절 대상 분류 → 09:00 매도 |

---

## 2. 판단 지침(.md) vs GROUNDRULE.md — 불일치 / 모호한 부분

### ⚠️ 불일치 1: 손절 실행 주체 표현
| 문서 | 내용 |
|------|------|
| **PORTFOLIO_MANAGER.md** | "손절 트리거 → 포트폴리오 매니저가 즉시 시장가 매도 주문 실행" |
| **GROUNDRULE.md §7 항시** | "리스크 매니저(감지·트리거) → 포트폴리오 매니저(시장가 매도 실행)" |
| **GROUNDRULE.md §7 stop_loss_monitor** | "손절 실행은 `stop_loss_monitor`가 09:05~15:30 동안 60초 간격으로 자동 처리" |

> **문제**: PORTFOLIO_MANAGER.

────────────────────────────────────────

[라운드 2] 상호 확인 및 보완
  [섹터 스카우트] 상호 확인 중...

[섹터 스카우트]
# 섹터 스카우트 — 팀 흐름 검토 보고

---

## 1. 역할 연결성 검토

### 내 출력이 팀에 미치는 영향

```
섹터 스카우트 → 차트 분석가 → 리스크 매니저 → 팀장 → 포트폴리오 매니저
     ↓
  섹터 선정
  confident=True/False
  warning 유무
```

내 판단이 **파이프라인 최상단**이다. 내가 `confident=False`를 반환하면 차트 분석가부터 포트폴리오 매니저까지 **전원 멈춘다**. 이 흐름 자체는 잘 설계되어 있다.

### 연결이 잘 된 부분 ✅
- `confident=False` → 차트 분석가 후보 선정 건너뜀 → 포트폴리오 매니저 매수 없음 → 명확
- `warning` 발령 → 팀장이 보수적으로 최종 승인 여부 판단 → 역할 분리 명확
- 내 출력(섹터명 + 신뢰도)이 `candidates.json` 생성 전제조건 → 순서 의존성 명확

### 연결이 **모호한 부분** ⚠️

| 문제 | 내용 |
|------|------|
| **내 출력 포맷 미정의** | `confident`, `sector_name`, `warning` 외에 어떤 필드를 넘기는지 스펙 없음. 차트 분석가가 어떤 파일/변수를 읽는지 불명확 |
| **보류 시 기존 섹터 승계 여부** | `confident=False` 시 전날 선정 섹터를 유지하는지, 완전히 없애는지 명시 없음 |
| **warning 수신자 명시 부재** | warning이 팀장에게만 가는지, 포트폴리오 매니저도 인지해야 하는지 불명확 |

---

## 2. GROUNDRULE.md 기준 — 빠졌거나 모호한 부분

### ① 섹터 선정 시간과 데이터 시점 불일치 가능성

GROUNDRULE §4에서 "매일 08:30, 1개월 수익률(영업일 기준 20일)"로 선정하라고 명시되어 있다.  
그런데 §7 운영 사이클에서 pre_close는 **08:00**에 실행된다.

```
GROUNDRULE §4: 섹터 선정 → 08:30
GROUNDRULE §7: pre_close 실행 → 08:00  ← 30분 차이
```

> **실무 문제**: 08:00에 내가 실행되면 §4 기준(08:30)보다 30분 이른 데이터를 쓰게 된다.  
> 어느 기준이 맞는지 팀장 확인 필요. **내 판단: §7의 08:00을 따르되, §4의 08:30은 "업종지수 데이터가 확정되는 시점"으로 해석**하는 것이 합리적.

---

### ② 섹터 선정 보류 시 "기존 보유 종목이 다른 섹터 소속"인 경
  [차트 분석가] 상호 확인 중...

[차트 분석가]
# 차트 분석가 — 팀 흐름 점검 보고

---

## 1. 역할 연결성 점검

### ✅ 잘 연결된 부분

| 연결 구간 | 상태 | 내용 |
|-----------|------|------|
| 섹터 스카우트 → 나 | ✅ | 섹터 선정 완료 후 해당 섹터 종목에 대해 3조건 필터링 시작 |
| 나 → 리스크 매니저 | ✅ | `swing_high` + 손절가(매수 시점 20일선) 수치를 확정해서 전달 → 포지션 계산의 입력값 |
| 나 → 팀장 | ✅ | 3조건 충족 여부 + 강/약 신호 판단 결과를 팀장 승인의 근거로 제공 |
| 나 → 포트폴리오 매니저 | ✅ (간접) | 팀장 승인 후 매수 실행 — 직접 지시는 팀장이 하지만, 내 분석이 최초 입력값 |

### ⚠️ 연결이 불명확한 부분

**문제 1 — `candidates.json` 생성 주체가 나인가?**
- GROUNDRULE §11에 `data/candidates.json` 파일이 존재하고 "당일 투자 고려 대상"이라고 명시
- 내가 3조건 필터링 결과를 이 파일에 저장한다는 흐름은 자연스럽지만, **명시적으로 확정되지 않음**
- `entry_monitor`(15:00)에서 이 파일을 읽어 감시 대상을 구성하는데, 내가 이 파일을 쓰지 않으면 `entry_monitor`가 동작하지 않음
- → **내가 `candidates.json`을 작성하는 주체임을 팀 차원에서 명확히 확정 필요**

**문제 2 — `swing_high` 전달 타이밍**
- `pre_close`(08:00)에서 후보 종목과 `swing_high`를 산출하지만
- 실제 돌파 감시는 `entry_monitor`(15:00)에서 발생
- **7시간 사이에 가격이 이미 `swing_high`를 넘겨버리면**, 내가 돌파를 감지할 시점이 사라짐
- → 이 케이스에 대한 처리 기준이 GROUNDRULE에 없음

---

## 2. GROUNDRULE 기준으로 빠졌거나 모호한 부분

### 🔴 빠진 것 — `swing_high` 재산출 기준 없음

```
상황: pre_close(08:00)에서 swing_high = 50,000원 산출
      09:00~14:59 사이에 이미 51,000원 돌파하고 다시 49,000원으로 하락
      entry_monitor(15:00)에서 현재가 49,000원
```

- 이미 돌파가 일어났고 다시 후퇴한 상황 — 진입해야 하나? 하면 안 되나?
- GROUNDRULE에 **"당일 중 `swing_high` 재산출 여부"** 규칙이 없음
- **내 판
  [리스크 매니저] 상호 확인 중...

[리스크 매니저]
# 리스크 매니저 — 팀 연결성 및 운영 점검 보고

---

## 1. 역할 연결성 점검

### ✅ 잘 연결된 부분

| 연결 | 상태 | 내용 |
|------|------|------|
| 차트 분석가 → 리스크 매니저 | ✅ | `candidates.json`의 swing_high + 20일선 값이 내 포지션 계산의 입력값 |
| 리스크 매니저 → 포트폴리오 매니저 | ✅ | 내가 확정한 수량을 그대로 실행 (재계산 없음) 원칙 명확 |
| 손절 트리거 흐름 | ✅ | 내가 감지·트리거 → 포트폴리오 매니저가 매도 실행으로 역할 분리됨 |
| 가용 현금 기준 | ✅ | 포트폴리오 매니저의 슬랙 보고(현금 잔액)를 내 계산 기준으로 사용하는 흐름 명확 |

### ⚠️ 연결이 약한 부분

**① 차트 분석가가 20일선 값을 함께 전달하는지 불명확**
- 내 포지션 계산에서 `손절가 = 매수 시점 20일선`이 필요함
- `candidates.json` 스펙에 swing_high는 명시되어 있으나, **해당 시점 20일선 값이 포함되는지 확인 필요**
- 15:00 돌파 감지 시점에 차트 분석가가 20일선 값을 나에게 함께 전달하지 않으면, 내가 별도 조회해야 하는 공백이 생김

**② 동시 돌파 우선순위 처리 시 내 역할 범위 불명확**
- GROUNDRULE §6에 따르면 우선순위 1번이 `(swing_high - ma20) / swing_high` 리스크 비율
- 이 계산을 **내가 하는가, 팀장이 하는가** 명시 없음
- 현재 구조상 내가 리스크 비율을 산출하므로 내가 순위를 매기는 것이 자연스러우나, 최종 승인은 팀장이므로 출력 형식에 순위 정보를 포함해야 함

---

## 2. GROUNDRULE 기준 — 빠졌거나 모호한 부분

### 🔴 Gap 1: `stop_loss_monitor`에서 내 역할이 코드 레벨에서 불명확

GROUNDRULE §7에 "리스크 매니저가 손절 감지·트리거"라고 명시되어 있으나,
실제 `stop_loss_monitor`는 60초 루프 자동 실행 스크립트임.

```
문제: 내가 "에이전트"로 판단을 내리는 것인가,
     스크립트가 단순 가격 비교를 하는 것인가?
```

**명확히 해야 할 것**: 손절가 파일(`stop_losses.json`)과 현재가를 비교하는 로직이 내 에이전트 판단인지, 오케스트레이터 자동화인지 확정 필요. 현
  [포트폴리오 매니저] 상호 확인 중...

[포트폴리오 매니저]
# 포트폴리오 매니저 — 팀 흐름 점검 보고

---

## 1. 역할 연결 상태 점검

### ✅ 잘 연결된 부분

| 연결 | 상태 | 비고 |
|------|------|------|
| 리스크 매니저 → 나 (매수 수량 전달) | ✅ | 리스크 매니저가 확정한 수량을 그대로 집행, 재계산 없음 |
| 리스크 매니저 → 나 (손절 트리거) | ✅ | 감지는 리스크 매니저, 시장가 매도 실행은 내가 담당 |
| 나 → 슬랙 (현금 잔액 보고) | ✅ | 매도 완료 후 현금 잔액 보고 → 리스크 매니저가 15:00 포지션 계산에 활용 |
| 차트 분석가 → 나 (익절 대상) | ✅ | `profit_targets.json` 기반으로 09:00 시장가 매도 실행 |

---

### ⚠️ 연결이 불명확하거나 모호한 부분

**① 매도 완료 확인 → 슬랙 보고 의존성 체인**

```
내 09:00 익절 매도 완료
    → 슬랙에 "현금 잔액: OOO원" 보고
        → 리스크 매니저가 15:00 포지션 계산 시 이 값 사용
            → 그 사이 손절 발생 시 내가 다시 갱신 보고
```

이 체인에서 **내가 슬랙 보고를 빠뜨리거나 금액 오기 입력 시 전체 포지션 계산이 틀어진다.**
현재 GROUNDRULE에 슬랙 보고 실패 시 fallback 기준이 없음 — 내가 가장 먼저 인지해야 할 리스크.

---

**② 익절 대상 선정 주체 공백 (차트 분석가 지적과 동일)**

차트 분석가가 이미 지적했지만, **내 입장에서도 동일한 문제**가 발생함.

- `profit_targets.json`에 데이터가 없거나 불완전할 경우, 09:00에 내가 어떤 종목을 팔아야 하는지 판단 근거가 없어짐
- 현재 GROUNDRULE에는 "익절 대상 선정 = 차트 분석가, 실행 = 나"라는 역할 분리가 **명시되어 있지 않음**

---

**③ 팀장 승인 → 내 매수 실행 사이의 타이밍 정의 없음**

```
팀장 승인
    → 내가 매수 주문 실행 (entry_monitor 15:00~15:30)
```

15:30 직전 승인이 들어왔을 때 **주문이 체결되지 않으면** 어떻게 처리하는가?  
→ GROUNDRULE에 "15:30까지 진입 없으면 매수 없음"이라고 명시되어 있으나, **이미 팀장이 승인한 상태에서 미체결된 경우**의 처리 절

────────────────────────────────────────

[팀장] 미팅 마무리 중...

[팀장]
# 팀 킥오프 미팅 마무리 보고

---

## 1. GROUNDRULE.md 업데이트 필요 항목

### 🔴 즉시 수정 필요 (운영 전)

| # | 항목 | 현재 문제 | 수정 방향 |
|---|------|-----------|-----------|
| R1 | **pre_close 실행 시간 충돌** | §4는 "08:30 섹터 선정", §7은 "08:00 pre_close" — 30분 모순 | §7 기준 08:00으로 통일하고, §4에 "업종지수 데이터는 08:00 시점 기준 사용"으로 명시 |
| R2 | **익절 대상 선정 주체 미명시** | 차트 분석가·포트폴리오 매니저 모두 공백 지적 | §7 pre_close 단계에 "익절 대상 선정 = 차트 분석가, 결과 → `profit_targets.json` → 포트폴리오 매니저 실행"으로 명시 |
| R3 | **`candidates.json` 작성 주체 미명시** | entry_monitor가 이 파일에 의존하나 누가 쓰는지 불명확 | §11 파일 설명 또는 §7 pre_close에 "차트 분석가가 `candidates.json` 작성" 명시 |
| R4 | **슬랙 보고 실패 시 fallback 기준 없음** | 슬랙 현금 잔액 오기 시 전체 포지션 계산 오류 가능 | §5 또는 §7에 "슬랙 보고 실패 시 포트폴리오 매니저는 팀장에게 즉시 에스컬레이션, 리스크 매니저는 직전 확인된 현금 잔액 사용" 추가 |

### 🟡 다음 전략 토론 전 반영 권장

| # | 항목 | 현재 문제 | 수정 방향 |
|---|------|-----------|-----------|
| Y1 | **08:00~15:00 사이 swing_high 돌파 후 후퇴 케이스** | GROUNDRULE에 처리 기준 없음 | "당일 09:00~14:59 중 swing_high 선 터치 후 후퇴한 종목은 entry_monitor 진입 대상에서 제외" 또는 반대 기준으로 명시 |
| Y2 | **동시 돌파 우선순위 계산 주체** | §6에 리스크 비율 계산 명시되나 담당 에이전트 없음 | "리스크 매니저가 순위 산출 → 팀장에게 순위 포함 보고" 명시 |
| Y3 | **섹터 스카우트 출력 포맷 미정의** | `confident`, `sector_name`, `warning` 외 필드 스펙 없음 | 섹터 스카우트 → 차트 분석가 간 전달 데이터 포맷을 §4 또는 SECTOR_SCOUT.md에 명시 |
| Y4 | **15:30 직전 팀장 승인 후 미체결 처리** | "15:30까지 진입 없으면 매수 없음"은 있으나, 승인 후 미체결 케

============================================================
미팅 기록 저장: /Users/minerva/Documents/testa-trading-team/data/kickoff_notes.md
============================================================
